<?xml version="1.0" encoding="UTF-8"?>
<!-- Generated by org.testng.reporters.JUnitReportReporter -->
<testsuite hostname="Adept-09-PC" name="com.MonkeyTalk.Test.AppiumSetup1" tests="1" failures="0" timestamp="14 Apr 2014 23:38:19 GMT" time="0.005" errors="0">
  <testcase name="f" time="0.005" classname="com.MonkeyTalk.Test.AppiumSetup1"/>
</testsuite> <!-- com.MonkeyTalk.Test.AppiumSetup1 -->
