<?xml version="1.0" encoding="UTF-8"?>
<!-- Generated by org.testng.reporters.JUnitReportReporter -->
<testsuite hostname="Adept-09-PC" name="com.MonkeyTalk.Test.AddFunctionality" tests="1" failures="0" timestamp="17 Apr 2014 06:11:28 GMT" time="134.851" errors="0">
  <testcase name="AddStudent" time="134.851" classname="com.MonkeyTalk.Test.AddFunctionality"/>
</testsuite> <!-- com.MonkeyTalk.Test.AddFunctionality -->
