<?xml version="1.0" encoding="UTF-8"?>
<!-- Generated by org.testng.reporters.JUnitReportReporter -->
<testsuite hostname="Adeptpross-Mac-mini-6.local" name="com.mAqua.Scripts.Sprints.Sprint2" tests="4" failures="0" timestamp="25 Mar 2015 11:17:13 GMT" time="36.965" errors="0">
  <testcase name="Login" time="9.273" classname="com.mAqua.Scripts.Sprints.Sprint2"/>
  <testcase name="addPassword" time="9.244" classname="com.mAqua.Scripts.Sprints.Sprint2"/>
  <testcase name="Login" time="9.225" classname="com.mAqua.Scripts.Sprints.Sprint2"/>
  <testcase name="addPassword" time="9.223" classname="com.mAqua.Scripts.Sprints.Sprint2"/>
</testsuite> <!-- com.mAqua.Scripts.Sprints.Sprint2 -->
