<?xml version="1.0" encoding="UTF-8"?>
<!-- Generated by org.testng.reporters.JUnitReportReporter -->
<testsuite hostname="Adeptpross-Mac-mini-6.local" name="com.mAqua.Scripts.Sprints.Sprint3" tests="4" failures="0" timestamp="25 Mar 2015 11:17:13 GMT" time="37.191" errors="0">
  <testcase name="addLocation" time="9.433" classname="com.mAqua.Scripts.Sprints.Sprint3"/>
  <testcase name="ForgotPassword" time="9.277" classname="com.mAqua.Scripts.Sprints.Sprint3"/>
  <testcase name="ForgotPassword" time="9.235" classname="com.mAqua.Scripts.Sprints.Sprint3"/>
  <testcase name="addLocation" time="9.246" classname="com.mAqua.Scripts.Sprints.Sprint3"/>
</testsuite> <!-- com.mAqua.Scripts.Sprints.Sprint3 -->
