<?xml version="1.0" encoding="UTF-8"?>
<!-- Generated by org.testng.reporters.JUnitReportReporter -->
<testsuite hostname="Sambeet-PC" name="com.WJIV.Scripts.Sprints.Sprint3" tests="1" failures="0" timestamp="12 Dec 2014 16:33:34 GMT" time="355.031" errors="0">
  <testcase name="ForgotPassword" time="355.031" classname="com.WJIV.Scripts.Sprints.Sprint3"/>
</testsuite> <!-- com.WJIV.Scripts.Sprints.Sprint3 -->
